First Name		Last Name		Adress			City			State		Zip			Pop Type		Number of Cases		Total		Team

John           		Carry          		1899OldsStreet 		Carol     		IA		00050248		Coke             	1			$19.91		A
Mary           		Fisher         		ParkAve        		Winterset 		NE		00050248		Diet Coke        	3			$59.73		B
Thomas         		John           		WakondaDrive   		Indianola 		WI		00050248		Mello Yello      	5			$99.55		C
Brandon        		Clark          		BakersLane     		Darrel    		MI		00050248		Cherry Coke      	7			$147.77		D
Sarah          		Wilson         		314PiStreet    		St. Marys 		IA		00050248		Coke             	13			$258.83		B
Mark           		Vanahime       		CutsonRoad     		Norwalk   		MI		00050248		Diet Coke        	15			$316.65		C
Thara          		Saraline       		Hwy44          		Donell    		WI		00050248		Mello Yello      	17			$338.47		D
Mark           		Hammill        		DentsWay       		Salem     		NE		00050248		Cherry Coke      	19			$378.29		E


																					Grand Total:    $1,619.20


Totals For Teams
Team A: $19.91
Team B: $318.56
Team C: $416.20
Team D: $486.24
Team E: $378.29


Total Number of Pop
Coke:             14
Diet Coke:        18
Mello Yello:      22
Cherry Coke:      26
Diet Cherry Coke: 0
Sprite:           0
